This file contains any messages produced by compilers while
running configure, to aid debugging if configure makes a mistake.

It was created by libdbus-c++ configure 0.5.0, which was
generated by GNU Autoconf 2.61.  Invocation command line was

  $ ./configure --enable-glib

## --------- ##
## Platform. ##
## --------- ##

hostname = ergodic
uname -m = x86_64
uname -r = 2.6.20-16-generic
uname -s = Linux
uname -v = #2 SMP Sun Sep 23 18:31:23 UTC 2007

/usr/bin/uname -p = unknown
/bin/uname -X     = unknown

/bin/arch              = x86_64
/usr/bin/arch -k       = unknown
/usr/convex/getsysinfo = unknown
/usr/bin/hostinfo      = unknown
/bin/machine           = unknown
/usr/bin/oslevel       = unknown
/bin/universe          = unknown

PATH: /usr/local/sbin
PATH: /usr/local/bin
PATH: /usr/sbin
PATH: /usr/bin
PATH: /sbin
PATH: /bin
PATH: /usr/games
PATH: /home/jonas/scripts
PATH: /usr/sbin
PATH: /sbin
PATH: /home/jonas/python/bin


## ----------- ##
## Core tests. ##
## ----------- ##

configure:2016: checking for a BSD-compatible install
configure:2072: result: /usr/bin/install -c
configure:2083: checking whether build environment is sane
configure:2126: result: yes
configure:2159: checking for gawk
configure:2189: result: no
configure:2159: checking for mawk
configure:2175: found /usr/bin/mawk
configure:2186: result: mawk
configure:2197: checking whether make sets $(MAKE)
configure:2218: result: yes
configure:2407: checking build system type
configure:2425: result: x86_64-unknown-linux-gnu
configure:2447: checking host system type
configure:2462: result: x86_64-unknown-linux-gnu
configure:2572: checking for gcc
configure:2588: found /usr/bin/gcc
configure:2599: result: gcc
configure:2837: checking for C compiler version
configure:2844: gcc --version >&5
gcc (GCC) 4.1.2 (Ubuntu 4.1.2-0ubuntu4)
Copyright (C) 2006 Free Software Foundation, Inc.
This is free software; see the source for copying conditions.  There is NO
warranty; not even for MERCHANTABILITY or FITNESS FOR A PARTICULAR PURPOSE.

configure:2847: $? = 0
configure:2854: gcc -v >&5
Using built-in specs.
Target: x86_64-linux-gnu
Configured with: ../src/configure -v --enable-languages=c,c++,fortran,objc,obj-c++,treelang --prefix=/usr --enable-shared --with-system-zlib --libexecdir=/usr/lib --without-included-gettext --enable-threads=posix --enable-nls --program-suffix=-4.1 --enable-__cxa_atexit --enable-clocale=gnu --enable-libstdcxx-debug --enable-mpfr --enable-checking=release x86_64-linux-gnu
Thread model: posix
gcc version 4.1.2 (Ubuntu 4.1.2-0ubuntu4)
configure:2857: $? = 0
configure:2864: gcc -V >&5
gcc: '-V' option must have argument
configure:2867: $? = 1
configure:2890: checking for C compiler default output file name
configure:2917: gcc    conftest.c  >&5
configure:2920: $? = 0
configure:2958: result: a.out
configure:2975: checking whether the C compiler works
configure:2985: ./a.out
configure:2988: $? = 0
configure:3005: result: yes
configure:3012: checking whether we are cross compiling
configure:3014: result: no
configure:3017: checking for suffix of executables
configure:3024: gcc -o conftest    conftest.c  >&5
configure:3027: $? = 0
configure:3051: result: 
configure:3057: checking for suffix of object files
configure:3083: gcc -c   conftest.c >&5
configure:3086: $? = 0
configure:3109: result: o
configure:3113: checking whether we are using the GNU C compiler
configure:3142: gcc -c   conftest.c >&5
configure:3148: $? = 0
configure:3165: result: yes
configure:3170: checking whether gcc accepts -g
configure:3200: gcc -c -g  conftest.c >&5
configure:3206: $? = 0
configure:3305: result: yes
configure:3322: checking for gcc option to accept ISO C89
configure:3396: gcc  -c -g -O2  conftest.c >&5
configure:3402: $? = 0
configure:3425: result: none needed
configure:3454: checking for style of include used by make
configure:3482: result: GNU
configure:3510: checking dependency style of gcc
configure:3593: result: gcc3
configure:3668: checking for g++
configure:3684: found /usr/bin/g++
configure:3695: result: g++
configure:3726: checking for C++ compiler version
configure:3733: g++ --version >&5
g++ (GCC) 4.1.2 (Ubuntu 4.1.2-0ubuntu4)
Copyright (C) 2006 Free Software Foundation, Inc.
This is free software; see the source for copying conditions.  There is NO
warranty; not even for MERCHANTABILITY or FITNESS FOR A PARTICULAR PURPOSE.

configure:3736: $? = 0
configure:3743: g++ -v >&5
Using built-in specs.
Target: x86_64-linux-gnu
Configured with: ../src/configure -v --enable-languages=c,c++,fortran,objc,obj-c++,treelang --prefix=/usr --enable-shared --with-system-zlib --libexecdir=/usr/lib --without-included-gettext --enable-threads=posix --enable-nls --program-suffix=-4.1 --enable-__cxa_atexit --enable-clocale=gnu --enable-libstdcxx-debug --enable-mpfr --enable-checking=release x86_64-linux-gnu
Thread model: posix
gcc version 4.1.2 (Ubuntu 4.1.2-0ubuntu4)
configure:3746: $? = 0
configure:3753: g++ -V >&5
g++: '-V' option must have argument
configure:3756: $? = 1
configure:3759: checking whether we are using the GNU C++ compiler
configure:3788: g++ -c   conftest.cpp >&5
configure:3794: $? = 0
configure:3811: result: yes
configure:3816: checking whether g++ accepts -g
configure:3846: g++ -c -g  conftest.cpp >&5
configure:3852: $? = 0
configure:3951: result: yes
configure:3976: checking dependency style of g++
configure:4059: result: gcc3
configure:4152: checking for a sed that does not truncate output
configure:4206: result: /bin/sed
configure:4209: checking for grep that handles long lines and -e
configure:4283: result: /bin/grep
configure:4288: checking for egrep
configure:4366: result: /bin/grep -E
configure:4382: checking for ld used by gcc
configure:4449: result: /usr/bin/ld
configure:4458: checking if the linker (/usr/bin/ld) is GNU ld
configure:4473: result: yes
configure:4478: checking for /usr/bin/ld option to reload object files
configure:4485: result: -r
configure:4503: checking for BSD-compatible nm
configure:4552: result: /usr/bin/nm -B
configure:4556: checking whether ln -s works
configure:4560: result: yes
configure:4567: checking how to recognise dependent libraries
configure:4743: result: pass_all
configure:4831: g++ -c -g -O2  conftest.cpp >&5
configure:4834: $? = 0
configure:4977: checking how to run the C preprocessor
configure:5017: gcc -E  conftest.c
configure:5023: $? = 0
configure:5054: gcc -E  conftest.c
conftest.c:10:28: error: ac_nonexistent.h: No such file or directory
configure:5060: $? = 1
configure: failed program was:
| /* confdefs.h.  */
| #define PACKAGE_NAME "libdbus-c++"
| #define PACKAGE_TARNAME "libdbus-c--"
| #define PACKAGE_VERSION "0.5.0"
| #define PACKAGE_STRING "libdbus-c++ 0.5.0"
| #define PACKAGE_BUGREPORT "shackan@gmail.com"
| #define PACKAGE "libdbus-c++"
| #define VERSION "0.5.0"
| /* end confdefs.h.  */
| #include <ac_nonexistent.h>
configure:5093: result: gcc -E
configure:5122: gcc -E  conftest.c
configure:5128: $? = 0
configure:5159: gcc -E  conftest.c
conftest.c:10:28: error: ac_nonexistent.h: No such file or directory
configure:5165: $? = 1
configure: failed program was:
| /* confdefs.h.  */
| #define PACKAGE_NAME "libdbus-c++"
| #define PACKAGE_TARNAME "libdbus-c--"
| #define PACKAGE_VERSION "0.5.0"
| #define PACKAGE_STRING "libdbus-c++ 0.5.0"
| #define PACKAGE_BUGREPORT "shackan@gmail.com"
| #define PACKAGE "libdbus-c++"
| #define VERSION "0.5.0"
| /* end confdefs.h.  */
| #include <ac_nonexistent.h>
configure:5203: checking for ANSI C header files
configure:5233: gcc -c -g -O2  conftest.c >&5
configure:5239: $? = 0
configure:5338: gcc -o conftest -g -O2   conftest.c  >&5
configure:5341: $? = 0
configure:5347: ./conftest
configure:5350: $? = 0
configure:5367: result: yes
configure:5391: checking for sys/types.h
configure:5412: gcc -c -g -O2  conftest.c >&5
configure:5418: $? = 0
configure:5434: result: yes
configure:5391: checking for sys/stat.h
configure:5412: gcc -c -g -O2  conftest.c >&5
configure:5418: $? = 0
configure:5434: result: yes
configure:5391: checking for stdlib.h
configure:5412: gcc -c -g -O2  conftest.c >&5
configure:5418: $? = 0
configure:5434: result: yes
configure:5391: checking for string.h
configure:5412: gcc -c -g -O2  conftest.c >&5
configure:5418: $? = 0
configure:5434: result: yes
configure:5391: checking for memory.h
configure:5412: gcc -c -g -O2  conftest.c >&5
configure:5418: $? = 0
configure:5434: result: yes
configure:5391: checking for strings.h
configure:5412: gcc -c -g -O2  conftest.c >&5
configure:5418: $? = 0
configure:5434: result: yes
configure:5391: checking for inttypes.h
configure:5412: gcc -c -g -O2  conftest.c >&5
configure:5418: $? = 0
configure:5434: result: yes
configure:5391: checking for stdint.h
configure:5412: gcc -c -g -O2  conftest.c >&5
configure:5418: $? = 0
configure:5434: result: yes
configure:5391: checking for unistd.h
configure:5412: gcc -c -g -O2  conftest.c >&5
configure:5418: $? = 0
configure:5434: result: yes
configure:5461: checking dlfcn.h usability
configure:5478: gcc -c -g -O2  conftest.c >&5
configure:5484: $? = 0
configure:5498: result: yes
configure:5502: checking dlfcn.h presence
configure:5517: gcc -E  conftest.c
configure:5523: $? = 0
configure:5537: result: yes
configure:5570: checking for dlfcn.h
configure:5578: result: yes
configure:5601: checking how to run the C++ preprocessor
configure:5637: g++ -E  conftest.cpp
configure:5643: $? = 0
configure:5674: g++ -E  conftest.cpp
conftest.cpp:21:28: error: ac_nonexistent.h: No such file or directory
configure:5680: $? = 1
configure: failed program was:
| /* confdefs.h.  */
| #define PACKAGE_NAME "libdbus-c++"
| #define PACKAGE_TARNAME "libdbus-c--"
| #define PACKAGE_VERSION "0.5.0"
| #define PACKAGE_STRING "libdbus-c++ 0.5.0"
| #define PACKAGE_BUGREPORT "shackan@gmail.com"
| #define PACKAGE "libdbus-c++"
| #define VERSION "0.5.0"
| #define STDC_HEADERS 1
| #define HAVE_SYS_TYPES_H 1
| #define HAVE_SYS_STAT_H 1
| #define HAVE_STDLIB_H 1
| #define HAVE_STRING_H 1
| #define HAVE_MEMORY_H 1
| #define HAVE_STRINGS_H 1
| #define HAVE_INTTYPES_H 1
| #define HAVE_STDINT_H 1
| #define HAVE_UNISTD_H 1
| #define HAVE_DLFCN_H 1
| /* end confdefs.h.  */
| #include <ac_nonexistent.h>
configure:5713: result: g++ -E
configure:5742: g++ -E  conftest.cpp
configure:5748: $? = 0
configure:5779: g++ -E  conftest.cpp
conftest.cpp:21:28: error: ac_nonexistent.h: No such file or directory
configure:5785: $? = 1
configure: failed program was:
| /* confdefs.h.  */
| #define PACKAGE_NAME "libdbus-c++"
| #define PACKAGE_TARNAME "libdbus-c--"
| #define PACKAGE_VERSION "0.5.0"
| #define PACKAGE_STRING "libdbus-c++ 0.5.0"
| #define PACKAGE_BUGREPORT "shackan@gmail.com"
| #define PACKAGE "libdbus-c++"
| #define VERSION "0.5.0"
| #define STDC_HEADERS 1
| #define HAVE_SYS_TYPES_H 1
| #define HAVE_SYS_STAT_H 1
| #define HAVE_STDLIB_H 1
| #define HAVE_STRING_H 1
| #define HAVE_MEMORY_H 1
| #define HAVE_STRINGS_H 1
| #define HAVE_INTTYPES_H 1
| #define HAVE_STDINT_H 1
| #define HAVE_UNISTD_H 1
| #define HAVE_DLFCN_H 1
| /* end confdefs.h.  */
| #include <ac_nonexistent.h>
configure:5878: checking for g77
configure:5894: found /usr/bin/g77
configure:5905: result: g77
configure:5935: checking for Fortran 77 compiler version
configure:5942: g77 --version >&5
GNU Fortran (GCC) 3.4.6 (Ubuntu 3.4.6-5ubuntu1)
Copyright (C) 2006 Free Software Foundation, Inc.

GNU Fortran comes with NO WARRANTY, to the extent permitted by law.
You may redistribute copies of GNU Fortran
under the terms of the GNU General Public License.
For more information about these matters, see the file named COPYING
or type the command `info -f g77 Copying'.
configure:5945: $? = 0
configure:5952: g77 -v >&5
Reading specs from /usr/lib/gcc/x86_64-linux-gnu/3.4.6/specs
Configured with: ../src/configure -v --enable-languages=c,c++,f77,pascal --prefix=/usr --libexecdir=/usr/lib --with-gxx-include-dir=/usr/include/c++/3.4 --enable-shared --with-system-zlib --enable-nls --without-included-gettext --program-suffix=-3.4 --enable-__cxa_atexit --enable-clocale=gnu --enable-libstdcxx-debug x86_64-linux-gnu
Thread model: posix
gcc version 3.4.6 (Ubuntu 3.4.6-5ubuntu1)
configure:5955: $? = 0
configure:5962: g77 -V >&5
g77: `-V' option must have argument
configure:5965: $? = 1
configure:5973: checking whether we are using the GNU Fortran 77 compiler
configure:5992: g77 -c  conftest.F >&5
configure:5998: $? = 0
configure:6015: result: yes
configure:6021: checking whether g77 accepts -g
configure:6038: g77 -c -g conftest.f >&5
configure:6044: $? = 0
configure:6060: result: yes
configure:6090: checking the maximum length of command line arguments
configure:6199: result: 32768
configure:6210: checking command to parse /usr/bin/nm -B output from gcc object
configure:6315: g++ -c -g -O2  conftest.cpp >&5
configure:6318: $? = 0
configure:6322: /usr/bin/nm -B conftest.o \| sed -n -e 's/^.*[ 	]\([ABCDGIRSTW][ABCDGIRSTW]*\)[ 	][ 	]*\([_A-Za-z][_A-Za-z0-9]*\)$/\1 \2 \2/p' \> conftest.nm
configure:6325: $? = 0
configure:6377: g++ -o conftest -g -O2   conftest.cpp conftstm.o >&5
configure:6380: $? = 0
configure:6418: result: ok
configure:6422: checking for objdir
configure:6437: result: .libs
configure:6529: checking for ar
configure:6545: found /usr/bin/ar
configure:6556: result: ar
configure:6625: checking for ranlib
configure:6641: found /usr/bin/ranlib
configure:6652: result: ranlib
configure:6721: checking for strip
configure:6737: found /usr/bin/strip
configure:6748: result: strip
configure:7034: checking if gcc supports -fno-rtti -fno-exceptions
configure:7052: gcc -c -g -O2  -fno-rtti -fno-exceptions conftest.c >&5
cc1: warning: command line option "-fno-rtti" is valid for C++/ObjC++ but not for C
configure:7056: $? = 0
configure:7069: result: no
configure:7084: checking for gcc option to produce PIC
configure:7294: result: -fPIC
configure:7302: checking if gcc PIC flag -fPIC works
configure:7320: gcc -c -g -O2  -fPIC -DPIC conftest.c >&5
configure:7324: $? = 0
configure:7337: result: yes
configure:7365: checking if gcc static flag -static works
configure:7393: result: yes
configure:7403: checking if gcc supports -c -o file.o
configure:7424: gcc -c -g -O2  -o out/conftest2.o conftest.c >&5
configure:7428: $? = 0
configure:7450: result: yes
configure:7476: checking whether the gcc linker (/usr/bin/ld -m elf_x86_64) supports shared libraries
configure:8431: result: yes
configure:8452: checking whether -lc should be explicitly linked in
configure:8457: gcc -c -g -O2  conftest.c >&5
configure:8460: $? = 0
configure:8475: gcc -shared conftest.o  -v -Wl,-soname -Wl,conftest -o conftest 2\>\&1 \| grep  -lc  \>/dev/null 2\>\&1
configure:8478: $? = 0
configure:8490: result: no
configure:8498: checking dynamic linker characteristics
configure:9074: result: GNU/Linux ld.so
configure:9083: checking how to hardcode library paths into programs
configure:9108: result: immediate
configure:9122: checking whether stripping libraries is possible
configure:9127: result: yes
configure:9928: checking if libtool supports shared libraries
configure:9930: result: yes
configure:9933: checking whether to build shared libraries
configure:9954: result: yes
configure:9957: checking whether to build static libraries
configure:9961: result: yes
configure:10053: creating libtool
configure:10641: checking for ld used by g++
configure:10708: result: /usr/bin/ld -m elf_x86_64
configure:10717: checking if the linker (/usr/bin/ld -m elf_x86_64) is GNU ld
configure:10732: result: yes
configure:10783: checking whether the g++ linker (/usr/bin/ld -m elf_x86_64) supports shared libraries
configure:11717: result: yes
configure:11735: g++ -c -g -O2  conftest.cpp >&5
configure:11738: $? = 0
configure:11857: checking for g++ option to produce PIC
configure:12131: result: -fPIC
configure:12139: checking if g++ PIC flag -fPIC works
configure:12157: g++ -c -g -O2  -fPIC -DPIC conftest.cpp >&5
configure:12161: $? = 0
configure:12174: result: yes
configure:12202: checking if g++ static flag -static works
configure:12230: result: yes
configure:12240: checking if g++ supports -c -o file.o
configure:12261: g++ -c -g -O2  -o out/conftest2.o conftest.cpp >&5
configure:12265: $? = 0
configure:12287: result: yes
configure:12313: checking whether the g++ linker (/usr/bin/ld -m elf_x86_64) supports shared libraries
configure:12341: result: yes
configure:12408: checking dynamic linker characteristics
configure:12984: result: GNU/Linux ld.so
configure:12993: checking how to hardcode library paths into programs
configure:13018: result: immediate
configure:13544: checking if libtool supports shared libraries
configure:13546: result: yes
configure:13549: checking whether to build shared libraries
configure:13569: result: yes
configure:13572: checking whether to build static libraries
configure:13576: result: yes
configure:13586: checking for g77 option to produce PIC
configure:13796: result: -fPIC
configure:13804: checking if g77 PIC flag -fPIC works
configure:13822: g77 -c -g -O2 -fPIC conftest.f >&5
configure:13826: $? = 0
configure:13839: result: yes
configure:13867: checking if g77 static flag -static works
configure:13895: result: yes
configure:13905: checking if g77 supports -c -o file.o
configure:13926: g77 -c -g -O2 -o out/conftest2.o conftest.f >&5
configure:13930: $? = 0
configure:13952: result: yes
configure:13978: checking whether the g77 linker (/usr/bin/ld -m elf_x86_64) supports shared libraries
configure:14913: result: yes
configure:14980: checking dynamic linker characteristics
configure:15556: result: GNU/Linux ld.so
configure:15565: checking how to hardcode library paths into programs
configure:15590: result: immediate
configure:19186: checking for pkg-config
configure:19204: found /usr/bin/pkg-config
configure:19216: result: /usr/bin/pkg-config
configure:19245: checking pkg-config is at least version 0.9.0
configure:19248: result: yes
configure:19264: checking for dbus
configure:19272: $PKG_CONFIG --exists --print-errors "dbus-1 >= $DBUS_REQUIRED_VERSION"
configure:19275: $? = 0
configure:19290: $PKG_CONFIG --exists --print-errors "dbus-1 >= $DBUS_REQUIRED_VERSION"
configure:19293: $? = 0
configure:19339: result: yes
configure:19348: $PKG_CONFIG --exists --print-errors "dbus-1 < $DBUS_API_STABLE_VERSION"
Requested 'dbus-1 < 1.0.0' but version of dbus is 1.0.2
configure:19351: $? = 1
configure:19363: $PKG_CONFIG --exists --print-errors "dbus-1 >= $DBUS_RECURSIVE_MUTEX_VERSION"
configure:19366: $? = 0
configure:19379: checking for glib
configure:19387: $PKG_CONFIG --exists --print-errors "glib-2.0"
configure:19390: $? = 0
configure:19405: $PKG_CONFIG --exists --print-errors "glib-2.0"
configure:19408: $? = 0
configure:19484: result: yes
configure:19502: checking for gtkmm
configure:19510: $PKG_CONFIG --exists --print-errors "gtkmm-2.4"
configure:19513: $? = 0
configure:19528: $PKG_CONFIG --exists --print-errors "gtkmm-2.4"
configure:19531: $? = 0
configure:19587: result: yes
configure:19626: checking for XML_ParserCreate_MM in -lexpat
configure:19661: g++ -o conftest -g -O2   conftest.cpp -lexpat   >&5
configure:19667: $? = 0
configure:19685: result: yes
configure:19703: checking expat.h usability
configure:19720: g++ -c -g -O2  conftest.cpp >&5
configure:19726: $? = 0
configure:19740: result: yes
configure:19744: checking expat.h presence
configure:19759: g++ -E  conftest.cpp
configure:19765: $? = 0
configure:19779: result: yes
configure:19812: checking for expat.h
configure:19820: result: yes
configure:19854: checking for pthread_create in -lpthread
configure:19889: g++ -o conftest -g -O2   conftest.cpp -lpthread   >&5
configure:19895: $? = 0
configure:19913: result: yes
configure:19931: checking pthread.h usability
configure:19948: g++ -c -g -O2  conftest.cpp >&5
configure:19954: $? = 0
configure:19968: result: yes
configure:19972: checking pthread.h presence
configure:19987: g++ -E  conftest.cpp
configure:19993: $? = 0
configure:20007: result: yes
configure:20040: checking for pthread.h
configure:20048: result: yes
configure:20090: checking for doxygen
configure:20108: found /usr/bin/doxygen
configure:20121: result: /usr/bin/doxygen
configure:20130: checking whether to build Doxygen documentation
configure:20161: result: yes
configure:20371: creating ./config.status

## ---------------------- ##
## Running config.status. ##
## ---------------------- ##

This file was extended by libdbus-c++ config.status 0.5.0, which was
generated by GNU Autoconf 2.61.  Invocation command line was

  CONFIG_FILES    = 
  CONFIG_HEADERS  = 
  CONFIG_LINKS    = 
  CONFIG_COMMANDS = 
  $ ./config.status 

on ergodic

config.status:689: creating Makefile
config.status:689: creating src/Makefile
config.status:689: creating tools/Makefile
config.status:689: creating data/Makefile
config.status:689: creating doc/Makefile
config.status:689: creating doc/Doxyfile
config.status:689: creating examples/Makefile
config.status:689: creating examples/properties/Makefile
config.status:689: creating examples/echo/Makefile
config.status:689: creating examples/hal/Makefile
config.status:689: creating examples/glib/Makefile
config.status:689: creating dbus-c++-1.pc
config.status:689: creating include/dbus-c++/config.h
config.status:913: include/dbus-c++/config.h is unchanged
config.status:959: executing depfiles commands

## ---------------- ##
## Cache variables. ##
## ---------------- ##

ac_cv_build=x86_64-unknown-linux-gnu
ac_cv_c_compiler_gnu=yes
ac_cv_cxx_compiler_gnu=yes
ac_cv_env_CCC_set=
ac_cv_env_CCC_value=
ac_cv_env_CC_set=
ac_cv_env_CC_value=
ac_cv_env_CFLAGS_set=
ac_cv_env_CFLAGS_value=
ac_cv_env_CPPFLAGS_set=
ac_cv_env_CPPFLAGS_value=
ac_cv_env_CPP_set=
ac_cv_env_CPP_value=
ac_cv_env_CXXCPP_set=
ac_cv_env_CXXCPP_value=
ac_cv_env_CXXFLAGS_set=
ac_cv_env_CXXFLAGS_value=
ac_cv_env_CXX_set=
ac_cv_env_CXX_value=
ac_cv_env_F77_set=
ac_cv_env_F77_value=
ac_cv_env_FFLAGS_set=
ac_cv_env_FFLAGS_value=
ac_cv_env_LDFLAGS_set=
ac_cv_env_LDFLAGS_value=
ac_cv_env_LIBS_set=
ac_cv_env_LIBS_value=
ac_cv_env_PKG_CONFIG_set=
ac_cv_env_PKG_CONFIG_value=
ac_cv_env_build_alias_set=
ac_cv_env_build_alias_value=
ac_cv_env_dbus_CFLAGS_set=
ac_cv_env_dbus_CFLAGS_value=
ac_cv_env_dbus_LIBS_set=
ac_cv_env_dbus_LIBS_value=
ac_cv_env_glib_CFLAGS_set=
ac_cv_env_glib_CFLAGS_value=
ac_cv_env_glib_LIBS_set=
ac_cv_env_glib_LIBS_value=
ac_cv_env_gtkmm_CFLAGS_set=
ac_cv_env_gtkmm_CFLAGS_value=
ac_cv_env_gtkmm_LIBS_set=
ac_cv_env_gtkmm_LIBS_value=
ac_cv_env_host_alias_set=
ac_cv_env_host_alias_value=
ac_cv_env_target_alias_set=
ac_cv_env_target_alias_value=
ac_cv_f77_compiler_gnu=yes
ac_cv_header_dlfcn_h=yes
ac_cv_header_expat_h=yes
ac_cv_header_inttypes_h=yes
ac_cv_header_memory_h=yes
ac_cv_header_pthread_h=yes
ac_cv_header_stdc=yes
ac_cv_header_stdint_h=yes
ac_cv_header_stdlib_h=yes
ac_cv_header_string_h=yes
ac_cv_header_strings_h=yes
ac_cv_header_sys_stat_h=yes
ac_cv_header_sys_types_h=yes
ac_cv_header_unistd_h=yes
ac_cv_host=x86_64-unknown-linux-gnu
ac_cv_lib_expat_XML_ParserCreate_MM=yes
ac_cv_lib_pthread_pthread_create=yes
ac_cv_objext=o
ac_cv_path_DOXYGEN=/usr/bin/doxygen
ac_cv_path_EGREP='/bin/grep -E'
ac_cv_path_GREP=/bin/grep
ac_cv_path_ac_pt_PKG_CONFIG=/usr/bin/pkg-config
ac_cv_path_install='/usr/bin/install -c'
ac_cv_prog_AWK=mawk
ac_cv_prog_CPP='gcc -E'
ac_cv_prog_CXXCPP='g++ -E'
ac_cv_prog_ac_ct_AR=ar
ac_cv_prog_ac_ct_CC=gcc
ac_cv_prog_ac_ct_CXX=g++
ac_cv_prog_ac_ct_F77=g77
ac_cv_prog_ac_ct_RANLIB=ranlib
ac_cv_prog_ac_ct_STRIP=strip
ac_cv_prog_cc_c89=
ac_cv_prog_cc_g=yes
ac_cv_prog_cxx_g=yes
ac_cv_prog_f77_g=yes
ac_cv_prog_make_make_set=yes
am_cv_CC_dependencies_compiler_type=gcc3
am_cv_CXX_dependencies_compiler_type=gcc3
lt_cv_deplibs_check_method=pass_all
lt_cv_file_magic_cmd='$MAGIC_CMD'
lt_cv_file_magic_test_file=
lt_cv_ld_reload_flag=-r
lt_cv_objdir=.libs
lt_cv_path_LD=/usr/bin/ld
lt_cv_path_LDCXX='/usr/bin/ld -m elf_x86_64'
lt_cv_path_NM='/usr/bin/nm -B'
lt_cv_path_SED=/bin/sed
lt_cv_prog_compiler_c_o=yes
lt_cv_prog_compiler_c_o_CXX=yes
lt_cv_prog_compiler_c_o_F77=yes
lt_cv_prog_compiler_rtti_exceptions=no
lt_cv_prog_gnu_ld=yes
lt_cv_prog_gnu_ldcxx=yes
lt_cv_sys_global_symbol_pipe='sed -n -e '\''s/^.*[ 	]\([ABCDGIRSTW][ABCDGIRSTW]*\)[ 	][ 	]*\([_A-Za-z][_A-Za-z0-9]*\)$/\1 \2 \2/p'\'''
lt_cv_sys_global_symbol_to_c_name_address='sed -n -e '\''s/^: \([^ ]*\) $/  {\"\1\", (lt_ptr) 0},/p'\'' -e '\''s/^[BCDEGRST] \([^ ]*\) \([^ ]*\)$/  {"\2", (lt_ptr) \&\2},/p'\'''
lt_cv_sys_global_symbol_to_cdecl='sed -n -e '\''s/^. .* \(.*\)$/extern int \1;/p'\'''
lt_cv_sys_max_cmd_len=32768
lt_lt_cv_prog_compiler_c_o='"yes"'
lt_lt_cv_prog_compiler_c_o_CXX='"yes"'
lt_lt_cv_prog_compiler_c_o_F77='"yes"'
lt_lt_cv_sys_global_symbol_pipe='"sed -n -e '\''s/^.*[ 	]\\([ABCDGIRSTW][ABCDGIRSTW]*\\)[ 	][ 	]*\\([_A-Za-z][_A-Za-z0-9]*\\)\$/\\1 \\2 \\2/p'\''"'
lt_lt_cv_sys_global_symbol_to_c_name_address='"sed -n -e '\''s/^: \\([^ ]*\\) \$/  {\\\"\\1\\\", (lt_ptr) 0},/p'\'' -e '\''s/^[BCDEGRST] \\([^ ]*\\) \\([^ ]*\\)\$/  {\"\\2\", (lt_ptr) \\&\\2},/p'\''"'
lt_lt_cv_sys_global_symbol_to_cdecl='"sed -n -e '\''s/^. .* \\(.*\\)\$/extern int \\1;/p'\''"'
pkg_cv_dbus_CFLAGS='-I/usr/include/dbus-1.0 -I/usr/lib/dbus-1.0/include  '
pkg_cv_dbus_LIBS='-ldbus-1  '
pkg_cv_glib_CFLAGS='-I/usr/include/glib-2.0 -I/usr/lib/glib-2.0/include  '
pkg_cv_glib_LIBS='-lglib-2.0  '
pkg_cv_gtkmm_CFLAGS='-DPNG_NO_MMX_CODE -I/usr/include/gtkmm-2.4 -I/usr/lib/gtkmm-2.4/include -I/usr/include/glibmm-2.4 -I/usr/lib/glibmm-2.4/include -I/usr/include/gdkmm-2.4 -I/usr/lib/gdkmm-2.4/include -I/usr/include/pangomm-1.4 -I/usr/include/atkmm-1.6 -I/usr/include/gtk-2.0 -I/usr/include/sigc++-2.0 -I/usr/lib/sigc++-2.0/include -I/usr/include/glib-2.0 -I/usr/lib/glib-2.0/include -I/usr/lib/gtk-2.0/include -I/usr/include/cairomm-1.0 -I/usr/include/pango-1.0 -I/usr/include/cairo -I/usr/include/freetype2 -I/usr/include/libpng12 -I/usr/include/atk-1.0  '
pkg_cv_gtkmm_LIBS='-lgtkmm-2.4 -lgdkmm-2.4 -latkmm-1.6 -lgtk-x11-2.0 -lpangomm-1.4 -lcairomm-1.0 -lglibmm-2.4 -lsigc-2.0 -lgdk-x11-2.0 -latk-1.0 -lgdk_pixbuf-2.0 -lm -lpangocairo-1.0 -lfontconfig -lXext -lXrender -lXinerama -lXi -lXrandr -lXcursor -lXfixes -lpango-1.0 -lcairo -lX11 -lgobject-2.0 -lgmodule-2.0 -ldl -lglib-2.0  '

## ----------------- ##
## Output variables. ##
## ----------------- ##

ACLOCAL='${SHELL} /home/jonas/soma/recorder/libs/dbus-c++/dbus/missing --run aclocal-1.7'
AMDEPBACKSLASH='\'
AMDEP_FALSE='#'
AMDEP_TRUE=''
AMTAR='${SHELL} /home/jonas/soma/recorder/libs/dbus-c++/dbus/missing --run tar'
AR='ar'
AUTOCONF='${SHELL} /home/jonas/soma/recorder/libs/dbus-c++/dbus/missing --run autoconf'
AUTOHEADER='${SHELL} /home/jonas/soma/recorder/libs/dbus-c++/dbus/missing --run autoheader'
AUTOMAKE='${SHELL} /home/jonas/soma/recorder/libs/dbus-c++/dbus/missing --run automake-1.7'
AWK='mawk'
BUILD_LIBDBUS_CXX_DIR='$(top_builddir)'
CC='gcc'
CCDEPMODE='depmode=gcc3'
CFLAGS='-g -O2'
CPP='gcc -E'
CPPFLAGS=''
CROSS_COMPILING_FALSE=''
CROSS_COMPILING_TRUE='#'
CXX='g++'
CXXCPP='g++ -E'
CXXDEPMODE='depmode=gcc3'
CXXFLAGS='-Wall -O3'
CXX_FOR_BUILD='g++'
CYGPATH_W='echo'
DBUS_DOXYGEN_DOCS_ENABLED_FALSE=''
DBUS_DOXYGEN_DOCS_ENABLED_TRUE='#'
DEFS='-DHAVE_CONFIG_H'
DEPDIR='.deps'
DOXYGEN='/usr/bin/doxygen'
ECHO='echo'
ECHO_C=''
ECHO_N='-n'
ECHO_T=''
EGREP='/bin/grep -E'
ENABLE_GLIB_FALSE='#'
ENABLE_GLIB_TRUE=''
EXEEXT=''
F77='g77'
FFLAGS='-g -O2'
GREP='/bin/grep'
HAVE_GTKMM_FALSE='#'
HAVE_GTKMM_TRUE=''
HAVE_PTHREAD_FALSE='#'
HAVE_PTHREAD_TRUE=''
INSTALL_DATA='${INSTALL} -m 644'
INSTALL_PROGRAM='${INSTALL}'
INSTALL_SCRIPT='${INSTALL}'
INSTALL_STRIP_PROGRAM='${SHELL} $(install_sh) -c -s'
LDFLAGS=''
LIBOBJS=''
LIBS=''
LIBTOOL='$(SHELL) $(top_builddir)/libtool'
LN_S='ln -s'
LTLIBOBJS=''
MAKEINFO='${SHELL} /home/jonas/soma/recorder/libs/dbus-c++/dbus/missing --run makeinfo'
OBJEXT='o'
PACKAGE='libdbus-c++'
PACKAGE_BUGREPORT='shackan@gmail.com'
PACKAGE_NAME='libdbus-c++'
PACKAGE_STRING='libdbus-c++ 0.5.0'
PACKAGE_TARNAME='libdbus-c--'
PACKAGE_VERSION='0.5.0'
PATH_SEPARATOR=':'
PKG_CONFIG='/usr/bin/pkg-config'
RANLIB='ranlib'
SET_MAKE=''
SHELL='/bin/bash'
STRIP='strip'
VERSION='0.5.0'
ac_ct_CC='gcc'
ac_ct_CXX='g++'
ac_ct_F77='g77'
am__fastdepCC_FALSE='#'
am__fastdepCC_TRUE=''
am__fastdepCXX_FALSE='#'
am__fastdepCXX_TRUE=''
am__include='include'
am__leading_dot='.'
am__quote=''
bindir='${exec_prefix}/bin'
build='x86_64-unknown-linux-gnu'
build_alias=''
build_cpu='x86_64'
build_os='linux-gnu'
build_vendor='unknown'
datadir='${datarootdir}'
datarootdir='${prefix}/share'
dbus_CFLAGS='-I/usr/include/dbus-1.0 -I/usr/lib/dbus-1.0/include  '
dbus_LIBS='-ldbus-1  '
docdir='${datarootdir}/doc/${PACKAGE_TARNAME}'
dvidir='${docdir}'
exec_prefix='${prefix}'
glib_CFLAGS='-I/usr/include/glib-2.0 -I/usr/lib/glib-2.0/include  '
glib_LIBS='-lglib-2.0  '
gtkmm_CFLAGS='-DPNG_NO_MMX_CODE -I/usr/include/gtkmm-2.4 -I/usr/lib/gtkmm-2.4/include -I/usr/include/glibmm-2.4 -I/usr/lib/glibmm-2.4/include -I/usr/include/gdkmm-2.4 -I/usr/lib/gdkmm-2.4/include -I/usr/include/pangomm-1.4 -I/usr/include/atkmm-1.6 -I/usr/include/gtk-2.0 -I/usr/include/sigc++-2.0 -I/usr/lib/sigc++-2.0/include -I/usr/include/glib-2.0 -I/usr/lib/glib-2.0/include -I/usr/lib/gtk-2.0/include -I/usr/include/cairomm-1.0 -I/usr/include/pango-1.0 -I/usr/include/cairo -I/usr/include/freetype2 -I/usr/include/libpng12 -I/usr/include/atk-1.0  '
gtkmm_LIBS='-lgtkmm-2.4 -lgdkmm-2.4 -latkmm-1.6 -lgtk-x11-2.0 -lpangomm-1.4 -lcairomm-1.0 -lglibmm-2.4 -lsigc-2.0 -lgdk-x11-2.0 -latk-1.0 -lgdk_pixbuf-2.0 -lm -lpangocairo-1.0 -lfontconfig -lXext -lXrender -lXinerama -lXi -lXrandr -lXcursor -lXfixes -lpango-1.0 -lcairo -lX11 -lgobject-2.0 -lgmodule-2.0 -ldl -lglib-2.0  '
host='x86_64-unknown-linux-gnu'
host_alias=''
host_cpu='x86_64'
host_os='linux-gnu'
host_vendor='unknown'
htmldir='${docdir}'
includedir='${prefix}/include'
infodir='${datarootdir}/info'
install_sh='/home/jonas/soma/recorder/libs/dbus-c++/dbus/install-sh'
libdir='${exec_prefix}/lib'
libexecdir='${exec_prefix}/libexec'
localedir='${datarootdir}/locale'
localstatedir='${prefix}/var'
mandir='${datarootdir}/man'
oldincludedir='/usr/include'
pdfdir='${docdir}'
prefix='/usr/local'
program_transform_name='s,x,x,'
psdir='${docdir}'
sbindir='${exec_prefix}/sbin'
sharedstatedir='${prefix}/com'
sysconfdir='${prefix}/etc'
target_alias=''
xml_CFLAGS=''
xml_LIBS='-lexpat'

## ----------- ##
## confdefs.h. ##
## ----------- ##

#define PACKAGE_NAME "libdbus-c++"
#define PACKAGE_TARNAME "libdbus-c--"
#define PACKAGE_VERSION "0.5.0"
#define PACKAGE_STRING "libdbus-c++ 0.5.0"
#define PACKAGE_BUGREPORT "shackan@gmail.com"
#define PACKAGE "libdbus-c++"
#define VERSION "0.5.0"
#define STDC_HEADERS 1
#define HAVE_SYS_TYPES_H 1
#define HAVE_SYS_STAT_H 1
#define HAVE_STDLIB_H 1
#define HAVE_STRING_H 1
#define HAVE_MEMORY_H 1
#define HAVE_STRINGS_H 1
#define HAVE_INTTYPES_H 1
#define HAVE_STDINT_H 1
#define HAVE_UNISTD_H 1
#define HAVE_DLFCN_H 1
#define DBUS_HAS_RECURSIVE_MUTEX
#define HAVE_EXPAT_H 1
#define HAVE_PTHREAD_H 1

configure: exit 0
