Making all in src
make[1]: Entering directory `/home/jonas/dbus/dbus-c++/dbus/src'
if /bin/bash ../libtool --mode=compile g++ -DHAVE_CONFIG_H -I. -I. -I../include/dbus-c++  -I/usr/include/dbus-1.0 -I/usr/lib/dbus-1.0/include     -I../include   -Wall -O3 -MT interface.lo -MD -MP -MF ".deps/interface.Tpo" \
	  -c -o interface.lo `test -f 'interface.cpp' || echo './'`interface.cpp; \
	then mv -f ".deps/interface.Tpo" ".deps/interface.Plo"; \
	else rm -f ".deps/interface.Tpo"; exit 1; \
	fi
mkdir .libs
 g++ -DHAVE_CONFIG_H -I. -I. -I../include/dbus-c++ -I/usr/include/dbus-1.0 -I/usr/lib/dbus-1.0/include -I../include -Wall -O3 -MT interface.lo -MD -MP -MF .deps/interface.Tpo -c interface.cpp  -fPIC -DPIC -o .libs/interface.o
 g++ -DHAVE_CONFIG_H -I. -I. -I../include/dbus-c++ -I/usr/include/dbus-1.0 -I/usr/lib/dbus-1.0/include -I../include -Wall -O3 -MT interface.lo -MD -MP -MF .deps/interface.Tpo -c interface.cpp -o interface.o >/dev/null 2>&1
if /bin/bash ../libtool --mode=compile g++ -DHAVE_CONFIG_H -I. -I. -I../include/dbus-c++  -I/usr/include/dbus-1.0 -I/usr/lib/dbus-1.0/include     -I../include   -Wall -O3 -MT object.lo -MD -MP -MF ".deps/object.Tpo" \
	  -c -o object.lo `test -f 'object.cpp' || echo './'`object.cpp; \
	then mv -f ".deps/object.Tpo" ".deps/object.Plo"; \
	else rm -f ".deps/object.Tpo"; exit 1; \
	fi
 g++ -DHAVE_CONFIG_H -I. -I. -I../include/dbus-c++ -I/usr/include/dbus-1.0 -I/usr/lib/dbus-1.0/include -I../include -Wall -O3 -MT object.lo -MD -MP -MF .deps/object.Tpo -c object.cpp  -fPIC -DPIC -o .libs/object.o
 g++ -DHAVE_CONFIG_H -I. -I. -I../include/dbus-c++ -I/usr/include/dbus-1.0 -I/usr/lib/dbus-1.0/include -I../include -Wall -O3 -MT object.lo -MD -MP -MF .deps/object.Tpo -c object.cpp -o object.o >/dev/null 2>&1
if /bin/bash ../libtool --mode=compile g++ -DHAVE_CONFIG_H -I. -I. -I../include/dbus-c++  -I/usr/include/dbus-1.0 -I/usr/lib/dbus-1.0/include     -I../include   -Wall -O3 -MT introspection.lo -MD -MP -MF ".deps/introspection.Tpo" \
	  -c -o introspection.lo `test -f 'introspection.cpp' || echo './'`introspection.cpp; \
	then mv -f ".deps/introspection.Tpo" ".deps/introspection.Plo"; \
	else rm -f ".deps/introspection.Tpo"; exit 1; \
	fi
 g++ -DHAVE_CONFIG_H -I. -I. -I../include/dbus-c++ -I/usr/include/dbus-1.0 -I/usr/lib/dbus-1.0/include -I../include -Wall -O3 -MT introspection.lo -MD -MP -MF .deps/introspection.Tpo -c introspection.cpp  -fPIC -DPIC -o .libs/introspection.o
 g++ -DHAVE_CONFIG_H -I. -I. -I../include/dbus-c++ -I/usr/include/dbus-1.0 -I/usr/lib/dbus-1.0/include -I../include -Wall -O3 -MT introspection.lo -MD -MP -MF .deps/introspection.Tpo -c introspection.cpp -o introspection.o >/dev/null 2>&1
if /bin/bash ../libtool --mode=compile g++ -DHAVE_CONFIG_H -I. -I. -I../include/dbus-c++  -I/usr/include/dbus-1.0 -I/usr/lib/dbus-1.0/include     -I../include   -Wall -O3 -MT debug.lo -MD -MP -MF ".deps/debug.Tpo" \
	  -c -o debug.lo `test -f 'debug.cpp' || echo './'`debug.cpp; \
	then mv -f ".deps/debug.Tpo" ".deps/debug.Plo"; \
	else rm -f ".deps/debug.Tpo"; exit 1; \
	fi
 g++ -DHAVE_CONFIG_H -I. -I. -I../include/dbus-c++ -I/usr/include/dbus-1.0 -I/usr/lib/dbus-1.0/include -I../include -Wall -O3 -MT debug.lo -MD -MP -MF .deps/debug.Tpo -c debug.cpp  -fPIC -DPIC -o .libs/debug.o
 g++ -DHAVE_CONFIG_H -I. -I. -I../include/dbus-c++ -I/usr/include/dbus-1.0 -I/usr/lib/dbus-1.0/include -I../include -Wall -O3 -MT debug.lo -MD -MP -MF .deps/debug.Tpo -c debug.cpp -o debug.o >/dev/null 2>&1
if /bin/bash ../libtool --mode=compile g++ -DHAVE_CONFIG_H -I. -I. -I../include/dbus-c++  -I/usr/include/dbus-1.0 -I/usr/lib/dbus-1.0/include     -I../include   -Wall -O3 -MT eventloop.lo -MD -MP -MF ".deps/eventloop.Tpo" \
	  -c -o eventloop.lo `test -f 'eventloop.cpp' || echo './'`eventloop.cpp; \
	then mv -f ".deps/eventloop.Tpo" ".deps/eventloop.Plo"; \
	else rm -f ".deps/eventloop.Tpo"; exit 1; \
	fi
 g++ -DHAVE_CONFIG_H -I. -I. -I../include/dbus-c++ -I/usr/include/dbus-1.0 -I/usr/lib/dbus-1.0/include -I../include -Wall -O3 -MT eventloop.lo -MD -MP -MF .deps/eventloop.Tpo -c eventloop.cpp  -fPIC -DPIC -o .libs/eventloop.o
 g++ -DHAVE_CONFIG_H -I. -I. -I../include/dbus-c++ -I/usr/include/dbus-1.0 -I/usr/lib/dbus-1.0/include -I../include -Wall -O3 -MT eventloop.lo -MD -MP -MF .deps/eventloop.Tpo -c eventloop.cpp -o eventloop.o >/dev/null 2>&1
if /bin/bash ../libtool --mode=compile g++ -DHAVE_CONFIG_H -I. -I. -I../include/dbus-c++  -I/usr/include/dbus-1.0 -I/usr/lib/dbus-1.0/include     -I../include   -Wall -O3 -MT xml.lo -MD -MP -MF ".deps/xml.Tpo" \
	  -c -o xml.lo `test -f 'xml.cpp' || echo './'`xml.cpp; \
	then mv -f ".deps/xml.Tpo" ".deps/xml.Plo"; \
	else rm -f ".deps/xml.Tpo"; exit 1; \
	fi
 g++ -DHAVE_CONFIG_H -I. -I. -I../include/dbus-c++ -I/usr/include/dbus-1.0 -I/usr/lib/dbus-1.0/include -I../include -Wall -O3 -MT xml.lo -MD -MP -MF .deps/xml.Tpo -c xml.cpp  -fPIC -DPIC -o .libs/xml.o
 g++ -DHAVE_CONFIG_H -I. -I. -I../include/dbus-c++ -I/usr/include/dbus-1.0 -I/usr/lib/dbus-1.0/include -I../include -Wall -O3 -MT xml.lo -MD -MP -MF .deps/xml.Tpo -c xml.cpp -o xml.o >/dev/null 2>&1
if /bin/bash ../libtool --mode=compile g++ -DHAVE_CONFIG_H -I. -I. -I../include/dbus-c++  -I/usr/include/dbus-1.0 -I/usr/lib/dbus-1.0/include     -I../include   -Wall -O3 -MT types.lo -MD -MP -MF ".deps/types.Tpo" \
	  -c -o types.lo `test -f 'types.cpp' || echo './'`types.cpp; \
	then mv -f ".deps/types.Tpo" ".deps/types.Plo"; \
	else rm -f ".deps/types.Tpo"; exit 1; \
	fi
 g++ -DHAVE_CONFIG_H -I. -I. -I../include/dbus-c++ -I/usr/include/dbus-1.0 -I/usr/lib/dbus-1.0/include -I../include -Wall -O3 -MT types.lo -MD -MP -MF .deps/types.Tpo -c types.cpp  -fPIC -DPIC -o .libs/types.o
 g++ -DHAVE_CONFIG_H -I. -I. -I../include/dbus-c++ -I/usr/include/dbus-1.0 -I/usr/lib/dbus-1.0/include -I../include -Wall -O3 -MT types.lo -MD -MP -MF .deps/types.Tpo -c types.cpp -o types.o >/dev/null 2>&1
if /bin/bash ../libtool --mode=compile g++ -DHAVE_CONFIG_H -I. -I. -I../include/dbus-c++  -I/usr/include/dbus-1.0 -I/usr/lib/dbus-1.0/include     -I../include   -Wall -O3 -MT connection.lo -MD -MP -MF ".deps/connection.Tpo" \
	  -c -o connection.lo `test -f 'connection.cpp' || echo './'`connection.cpp; \
	then mv -f ".deps/connection.Tpo" ".deps/connection.Plo"; \
	else rm -f ".deps/connection.Tpo"; exit 1; \
	fi
 g++ -DHAVE_CONFIG_H -I. -I. -I../include/dbus-c++ -I/usr/include/dbus-1.0 -I/usr/lib/dbus-1.0/include -I../include -Wall -O3 -MT connection.lo -MD -MP -MF .deps/connection.Tpo -c connection.cpp  -fPIC -DPIC -o .libs/connection.o
 g++ -DHAVE_CONFIG_H -I. -I. -I../include/dbus-c++ -I/usr/include/dbus-1.0 -I/usr/lib/dbus-1.0/include -I../include -Wall -O3 -MT connection.lo -MD -MP -MF .deps/connection.Tpo -c connection.cpp -o connection.o >/dev/null 2>&1
if /bin/bash ../libtool --mode=compile g++ -DHAVE_CONFIG_H -I. -I. -I../include/dbus-c++  -I/usr/include/dbus-1.0 -I/usr/lib/dbus-1.0/include     -I../include   -Wall -O3 -MT property.lo -MD -MP -MF ".deps/property.Tpo" \
	  -c -o property.lo `test -f 'property.cpp' || echo './'`property.cpp; \
	then mv -f ".deps/property.Tpo" ".deps/property.Plo"; \
	else rm -f ".deps/property.Tpo"; exit 1; \
	fi
 g++ -DHAVE_CONFIG_H -I. -I. -I../include/dbus-c++ -I/usr/include/dbus-1.0 -I/usr/lib/dbus-1.0/include -I../include -Wall -O3 -MT property.lo -MD -MP -MF .deps/property.Tpo -c property.cpp  -fPIC -DPIC -o .libs/property.o
 g++ -DHAVE_CONFIG_H -I. -I. -I../include/dbus-c++ -I/usr/include/dbus-1.0 -I/usr/lib/dbus-1.0/include -I../include -Wall -O3 -MT property.lo -MD -MP -MF .deps/property.Tpo -c property.cpp -o property.o >/dev/null 2>&1
if /bin/bash ../libtool --mode=compile g++ -DHAVE_CONFIG_H -I. -I. -I../include/dbus-c++  -I/usr/include/dbus-1.0 -I/usr/lib/dbus-1.0/include     -I../include   -Wall -O3 -MT dispatcher.lo -MD -MP -MF ".deps/dispatcher.Tpo" \
	  -c -o dispatcher.lo `test -f 'dispatcher.cpp' || echo './'`dispatcher.cpp; \
	then mv -f ".deps/dispatcher.Tpo" ".deps/dispatcher.Plo"; \
	else rm -f ".deps/dispatcher.Tpo"; exit 1; \
	fi
 g++ -DHAVE_CONFIG_H -I. -I. -I../include/dbus-c++ -I/usr/include/dbus-1.0 -I/usr/lib/dbus-1.0/include -I../include -Wall -O3 -MT dispatcher.lo -MD -MP -MF .deps/dispatcher.Tpo -c dispatcher.cpp  -fPIC -DPIC -o .libs/dispatcher.o
 g++ -DHAVE_CONFIG_H -I. -I. -I../include/dbus-c++ -I/usr/include/dbus-1.0 -I/usr/lib/dbus-1.0/include -I../include -Wall -O3 -MT dispatcher.lo -MD -MP -MF .deps/dispatcher.Tpo -c dispatcher.cpp -o dispatcher.o >/dev/null 2>&1
if /bin/bash ../libtool --mode=compile g++ -DHAVE_CONFIG_H -I. -I. -I../include/dbus-c++  -I/usr/include/dbus-1.0 -I/usr/lib/dbus-1.0/include     -I../include   -Wall -O3 -MT pendingcall.lo -MD -MP -MF ".deps/pendingcall.Tpo" \
	  -c -o pendingcall.lo `test -f 'pendingcall.cpp' || echo './'`pendingcall.cpp; \
	then mv -f ".deps/pendingcall.Tpo" ".deps/pendingcall.Plo"; \
	else rm -f ".deps/pendingcall.Tpo"; exit 1; \
	fi
 g++ -DHAVE_CONFIG_H -I. -I. -I../include/dbus-c++ -I/usr/include/dbus-1.0 -I/usr/lib/dbus-1.0/include -I../include -Wall -O3 -MT pendingcall.lo -MD -MP -MF .deps/pendingcall.Tpo -c pendingcall.cpp  -fPIC -DPIC -o .libs/pendingcall.o
 g++ -DHAVE_CONFIG_H -I. -I. -I../include/dbus-c++ -I/usr/include/dbus-1.0 -I/usr/lib/dbus-1.0/include -I../include -Wall -O3 -MT pendingcall.lo -MD -MP -MF .deps/pendingcall.Tpo -c pendingcall.cpp -o pendingcall.o >/dev/null 2>&1
if /bin/bash ../libtool --mode=compile g++ -DHAVE_CONFIG_H -I. -I. -I../include/dbus-c++  -I/usr/include/dbus-1.0 -I/usr/lib/dbus-1.0/include     -I../include   -Wall -O3 -MT error.lo -MD -MP -MF ".deps/error.Tpo" \
	  -c -o error.lo `test -f 'error.cpp' || echo './'`error.cpp; \
	then mv -f ".deps/error.Tpo" ".deps/error.Plo"; \
	else rm -f ".deps/error.Tpo"; exit 1; \
	fi
 g++ -DHAVE_CONFIG_H -I. -I. -I../include/dbus-c++ -I/usr/include/dbus-1.0 -I/usr/lib/dbus-1.0/include -I../include -Wall -O3 -MT error.lo -MD -MP -MF .deps/error.Tpo -c error.cpp  -fPIC -DPIC -o .libs/error.o
 g++ -DHAVE_CONFIG_H -I. -I. -I../include/dbus-c++ -I/usr/include/dbus-1.0 -I/usr/lib/dbus-1.0/include -I../include -Wall -O3 -MT error.lo -MD -MP -MF .deps/error.Tpo -c error.cpp -o error.o >/dev/null 2>&1
if /bin/bash ../libtool --mode=compile g++ -DHAVE_CONFIG_H -I. -I. -I../include/dbus-c++  -I/usr/include/dbus-1.0 -I/usr/lib/dbus-1.0/include     -I../include   -Wall -O3 -MT message.lo -MD -MP -MF ".deps/message.Tpo" \
	  -c -o message.lo `test -f 'message.cpp' || echo './'`message.cpp; \
	then mv -f ".deps/message.Tpo" ".deps/message.Plo"; \
	else rm -f ".deps/message.Tpo"; exit 1; \
	fi
 g++ -DHAVE_CONFIG_H -I. -I. -I../include/dbus-c++ -I/usr/include/dbus-1.0 -I/usr/lib/dbus-1.0/include -I../include -Wall -O3 -MT message.lo -MD -MP -MF .deps/message.Tpo -c message.cpp  -fPIC -DPIC -o .libs/message.o
 g++ -DHAVE_CONFIG_H -I. -I. -I../include/dbus-c++ -I/usr/include/dbus-1.0 -I/usr/lib/dbus-1.0/include -I../include -Wall -O3 -MT message.lo -MD -MP -MF .deps/message.Tpo -c message.cpp -o message.o >/dev/null 2>&1
if /bin/bash ../libtool --mode=compile g++ -DHAVE_CONFIG_H -I. -I. -I../include/dbus-c++  -I/usr/include/dbus-1.0 -I/usr/lib/dbus-1.0/include     -I../include   -Wall -O3 -MT server.lo -MD -MP -MF ".deps/server.Tpo" \
	  -c -o server.lo `test -f 'server.cpp' || echo './'`server.cpp; \
	then mv -f ".deps/server.Tpo" ".deps/server.Plo"; \
	else rm -f ".deps/server.Tpo"; exit 1; \
	fi
 g++ -DHAVE_CONFIG_H -I. -I. -I../include/dbus-c++ -I/usr/include/dbus-1.0 -I/usr/lib/dbus-1.0/include -I../include -Wall -O3 -MT server.lo -MD -MP -MF .deps/server.Tpo -c server.cpp  -fPIC -DPIC -o .libs/server.o
 g++ -DHAVE_CONFIG_H -I. -I. -I../include/dbus-c++ -I/usr/include/dbus-1.0 -I/usr/lib/dbus-1.0/include -I../include -Wall -O3 -MT server.lo -MD -MP -MF .deps/server.Tpo -c server.cpp -o server.o >/dev/null 2>&1
/bin/bash ../libtool --mode=link g++  -Wall -O3   -o libdbus-c++-1.la -rpath /usr/local/lib   interface.lo object.lo introspection.lo debug.lo eventloop.lo xml.lo types.lo connection.lo property.lo dispatcher.lo pendingcall.lo error.lo message.lo server.lo  -ldbus-1   -lexpat  
g++ -shared -nostdlib /usr/lib/gcc/x86_64-linux-gnu/4.1.2/../../../../lib64/crti.o /usr/lib/gcc/x86_64-linux-gnu/4.1.2/crtbeginS.o  .libs/interface.o .libs/object.o .libs/introspection.o .libs/debug.o .libs/eventloop.o .libs/xml.o .libs/types.o .libs/connection.o .libs/property.o .libs/dispatcher.o .libs/pendingcall.o .libs/error.o .libs/message.o .libs/server.o  -ldbus-1 /usr/lib/libexpat.so -L/usr/lib/gcc/x86_64-linux-gnu/4.1.2 -L/usr/lib/gcc/x86_64-linux-gnu/4.1.2/../../../../lib64 -L/lib/../lib64 -L/usr/lib/../lib64 -lstdc++ -lm -lc -lgcc_s /usr/lib/gcc/x86_64-linux-gnu/4.1.2/crtendS.o /usr/lib/gcc/x86_64-linux-gnu/4.1.2/../../../../lib64/crtn.o  -Wl,-soname -Wl,libdbus-c++-1.so.0 -o .libs/libdbus-c++-1.so.0.0.0
(cd .libs && rm -f libdbus-c++-1.so.0 && ln -s libdbus-c++-1.so.0.0.0 libdbus-c++-1.so.0)
(cd .libs && rm -f libdbus-c++-1.so && ln -s libdbus-c++-1.so.0.0.0 libdbus-c++-1.so)
ar cru .libs/libdbus-c++-1.a  interface.o object.o introspection.o debug.o eventloop.o xml.o types.o connection.o property.o dispatcher.o pendingcall.o error.o message.o server.o
ranlib .libs/libdbus-c++-1.a
creating libdbus-c++-1.la
(cd .libs && rm -f libdbus-c++-1.la && ln -s ../libdbus-c++-1.la libdbus-c++-1.la)
make[1]: Leaving directory `/home/jonas/dbus/dbus-c++/dbus/src'
Making all in tools
make[1]: Entering directory `/home/jonas/dbus/dbus-c++/dbus/tools'
if g++ -DHAVE_CONFIG_H -I. -I. -I../include/dbus-c++  -I/usr/include/dbus-1.0 -I/usr/lib/dbus-1.0/include   -I../include   -Wall -O3 -MT xml2cpp.o -MD -MP -MF ".deps/xml2cpp.Tpo" \
	  -c -o xml2cpp.o `test -f 'xml2cpp.cpp' || echo './'`xml2cpp.cpp; \
	then mv -f ".deps/xml2cpp.Tpo" ".deps/xml2cpp.Po"; \
	else rm -f ".deps/xml2cpp.Tpo"; exit 1; \
	fi
/bin/bash ../libtool --mode=link g++  -Wall -O3   -o dbusxx-xml2cpp  xml2cpp.o ../src/libdbus-c++-1.la 
mkdir .libs
g++ -Wall -O3 -o .libs/dbusxx-xml2cpp xml2cpp.o  ../src/.libs/libdbus-c++-1.so
creating dbusxx-xml2cpp
if g++ -DHAVE_CONFIG_H -I. -I. -I../include/dbus-c++  -I/usr/include/dbus-1.0 -I/usr/lib/dbus-1.0/include   -I../include   -Wall -O3 -MT introspect.o -MD -MP -MF ".deps/introspect.Tpo" \
	  -c -o introspect.o `test -f 'introspect.cpp' || echo './'`introspect.cpp; \
	then mv -f ".deps/introspect.Tpo" ".deps/introspect.Po"; \
	else rm -f ".deps/introspect.Tpo"; exit 1; \
	fi
/bin/bash ../libtool --mode=link g++  -Wall -O3   -o dbusxx-introspect  introspect.o ../src/libdbus-c++-1.la 
g++ -Wall -O3 -o .libs/dbusxx-introspect introspect.o  ../src/.libs/libdbus-c++-1.so
creating dbusxx-introspect
make[1]: Leaving directory `/home/jonas/dbus/dbus-c++/dbus/tools'
Making all in data
make[1]: Entering directory `/home/jonas/dbus/dbus-c++/dbus/data'
make[1]: Nothing to be done for `all'.
make[1]: Leaving directory `/home/jonas/dbus/dbus-c++/dbus/data'
Making all in doc
make[1]: Entering directory `/home/jonas/dbus/dbus-c++/dbus/doc'
make[1]: Nothing to be done for `all'.
make[1]: Leaving directory `/home/jonas/dbus/dbus-c++/dbus/doc'
Making all in examples
make[1]: Entering directory `/home/jonas/dbus/dbus-c++/dbus/examples'
Making all in properties
make[2]: Entering directory `/home/jonas/dbus/dbus-c++/dbus/examples/properties'
../../tools/dbusxx-xml2cpp props-introspect.xml --adaptor=props-glue.h
make  all-am
make[3]: Entering directory `/home/jonas/dbus/dbus-c++/dbus/examples/properties'
if g++ -DHAVE_CONFIG_H -I. -I. -I../../include/dbus-c++  -I../../include   -Wall -O3 -MT props-server.o -MD -MP -MF ".deps/props-server.Tpo" \
	  -c -o props-server.o `test -f 'props-server.cpp' || echo './'`props-server.cpp; \
	then mv -f ".deps/props-server.Tpo" ".deps/props-server.Po"; \
	else rm -f ".deps/props-server.Tpo"; exit 1; \
	fi
/bin/bash ../../libtool --mode=link g++  -Wall -O3   -o props-server  props-server.o ../../src/libdbus-c++-1.la 
mkdir .libs
g++ -Wall -O3 -o .libs/props-server props-server.o  ../../src/.libs/libdbus-c++-1.so
creating props-server
make[3]: Leaving directory `/home/jonas/dbus/dbus-c++/dbus/examples/properties'
make[2]: Leaving directory `/home/jonas/dbus/dbus-c++/dbus/examples/properties'
Making all in echo
make[2]: Entering directory `/home/jonas/dbus/dbus-c++/dbus/examples/echo'
../../tools/dbusxx-xml2cpp echo-introspect.xml --adaptor=echo-glue.h
make  all-am
make[3]: Entering directory `/home/jonas/dbus/dbus-c++/dbus/examples/echo'
if g++ -DHAVE_CONFIG_H -I. -I. -I../../include/dbus-c++  -I../../include   -Wall -O3 -MT echo-server.o -MD -MP -MF ".deps/echo-server.Tpo" \
	  -c -o echo-server.o `test -f 'echo-server.cpp' || echo './'`echo-server.cpp; \
	then mv -f ".deps/echo-server.Tpo" ".deps/echo-server.Po"; \
	else rm -f ".deps/echo-server.Tpo"; exit 1; \
	fi
/bin/bash ../../libtool --mode=link g++  -Wall -O3   -o echo-server  echo-server.o ../../src/libdbus-c++-1.la 
mkdir .libs
g++ -Wall -O3 -o .libs/echo-server echo-server.o  ../../src/.libs/libdbus-c++-1.so
creating echo-server
make[3]: Leaving directory `/home/jonas/dbus/dbus-c++/dbus/examples/echo'
make[2]: Leaving directory `/home/jonas/dbus/dbus-c++/dbus/examples/echo'
Making all in hal
make[2]: Entering directory `/home/jonas/dbus/dbus-c++/dbus/examples/hal'
if g++ -DHAVE_CONFIG_H -I. -I. -I../../include/dbus-c++  -I../../include   -Wall -O3 -MT hal-listen.o -MD -MP -MF ".deps/hal-listen.Tpo" \
	  -c -o hal-listen.o `test -f 'hal-listen.cpp' || echo './'`hal-listen.cpp; \
	then mv -f ".deps/hal-listen.Tpo" ".deps/hal-listen.Po"; \
	else rm -f ".deps/hal-listen.Tpo"; exit 1; \
	fi
/bin/bash ../../libtool --mode=link g++  -Wall -O3   -o hal-listen  hal-listen.o ../../src/libdbus-c++-1.la 
mkdir .libs
g++ -Wall -O3 -o .libs/hal-listen hal-listen.o  ../../src/.libs/libdbus-c++-1.so
creating hal-listen
make[2]: Leaving directory `/home/jonas/dbus/dbus-c++/dbus/examples/hal'
Making all in glib
make[2]: Entering directory `/home/jonas/dbus/dbus-c++/dbus/examples/glib'
../../tools/dbusxx-xml2cpp ../../data/org.freedesktop.DBus.xml --proxy=dbus-glue.h
make  all-am
make[3]: Entering directory `/home/jonas/dbus/dbus-c++/dbus/examples/glib'
make[3]: Nothing to be done for `all-am'.
make[3]: Leaving directory `/home/jonas/dbus/dbus-c++/dbus/examples/glib'
make[2]: Leaving directory `/home/jonas/dbus/dbus-c++/dbus/examples/glib'
make[2]: Entering directory `/home/jonas/dbus/dbus-c++/dbus/examples'
make[2]: Nothing to be done for `all-am'.
make[2]: Leaving directory `/home/jonas/dbus/dbus-c++/dbus/examples'
make[1]: Leaving directory `/home/jonas/dbus/dbus-c++/dbus/examples'
make[1]: Entering directory `/home/jonas/dbus/dbus-c++/dbus'
make[1]: Nothing to be done for `all-am'.
make[1]: Leaving directory `/home/jonas/dbus/dbus-c++/dbus'
